17:33:56 **** Build of configuration Debug for project display ****
make -r all 
Building file: ../src/GPIO.c
Invoking: MCU C Compiler
arm-none-eabi-gcc -DDEBUG -D__CODE_RED -DCORE_M3 -DCR_INTEGER_PRINTF -DCR_PRINTF_CHAR -D__LPC17XX__ -D__REDLIB__ -I"C:\Users\Red\Documents\LPCXpresso_8.1.4_606\testSpace\FreeRTOS_Library\portable" -I"C:\Users\Red\Documents\LPCXpresso_8.1.4_606\testSpace\display" -I"C:\Users\Red\Documents\LPCXpresso_8.1.4_606\testSpace\CMSIS_CORE_LPC17xx\inc" -I"C:\Users\Red\Documents\LPCXpresso_8.1.4_606\testSpace\FreeRTOS_Library\include" -O0 -fno-common -g3 -Wall -c -fmessage-length=0 -fno-builtin -ffunction-sections -fdata-sections -mcpu=cortex-m3 -mthumb -specs=redlib.specs -MMD -MP -MF"src/GPIO.d" -MT"src/GPIO.o" -MT"src/GPIO.d" -o "src/GPIO.o" "../src/GPIO.c"
Finished building: ../src/GPIO.c
 
Building file: ../src/KBD.c
Invoking: MCU C Compiler
arm-none-eabi-gcc -DDEBUG -D__CODE_RED -DCORE_M3 -DCR_INTEGER_PRINTF -DCR_PRINTF_CHAR -D__LPC17XX__ -D__REDLIB__ -I"C:\Users\Red\Documents\LPCXpresso_8.1.4_606\testSpace\FreeRTOS_Library\portable" -I"C:\Users\Red\Documents\LPCXpresso_8.1.4_606\testSpace\display" -I"C:\Users\Red\Documents\LPCXpresso_8.1.4_606\testSpace\CMSIS_CORE_LPC17xx\inc" -I"C:\Users\Red\Documents\LPCXpresso_8.1.4_606\testSpace\FreeRTOS_Library\include" -O0 -fno-common -g3 -Wall -c -fmessage-length=0 -fno-builtin -ffunction-sections -fdata-sections -mcpu=cortex-m3 -mthumb -specs=redlib.specs -MMD -MP -MF"src/KBD.d" -MT"src/KBD.o" -MT"src/KBD.d" -o "src/KBD.o" "../src/KBD.c"
In file included from C:\Users\Red\Documents\LPCXpresso_8.1.4_606\testSpace\FreeRTOS_Library\include/portable.h:320:0,
                 from C:\Users\Red\Documents\LPCXpresso_8.1.4_606\testSpace\FreeRTOS_Library\include/FreeRTOS.h:83,
                 from ../src/KBD.h:19,
                 from ../src/KBD.c:1:
C:\Users\Red\Documents\LPCXpresso_8.1.4_606\testSpace\FreeRTOS_Library\portable/portmacro.h: In function 'ucPortCountLeadingZeros':
C:\Users\Red\Documents\LPCXpresso_8.1.4_606\testSpace\FreeRTOS_Library\portable/portmacro.h:171:58: warning: type of 'ulBitmap' defaults to 'int' [-Wimplicit-int]
  __attribute__( ( always_inline ) ) static unsigned char ucPortCountLeadingZeros( ulBitmap )
                                                          ^
../src/KBD.c: At top level:
C:\Users\Red\Documents\LPCXpresso_8.1.4_606\testSpace\FreeRTOS_Library\portable/portmacro.h:171:58: warning: 'ucPortCountLeadingZeros' defined but not used [-Wunused-function]
C:\Users\Red\Documents\LPCXpresso_8.1.4_606\testSpace\FreeRTOS_Library\portable/portmacro.h:171:58: warning: always_inline function might not be inlinable [-Wattributes]
Finished building: ../src/KBD.c
 
Building file: ../src/cr_startup_lpc175x_6x.c
Invoking: MCU C Compiler
arm-none-eabi-gcc -DDEBUG -D__CODE_RED -DCORE_M3 -DCR_INTEGER_PRINTF -DCR_PRINTF_CHAR -D__LPC17XX__ -D__REDLIB__ -I"C:\Users\Red\Documents\LPCXpresso_8.1.4_606\testSpace\FreeRTOS_Library\portable" -I"C:\Users\Red\Documents\LPCXpresso_8.1.4_606\testSpace\display" -I"C:\Users\Red\Documents\LPCXpresso_8.1.4_606\testSpace\CMSIS_CORE_LPC17xx\inc" -I"C:\Users\Red\Documents\LPCXpresso_8.1.4_606\testSpace\FreeRTOS_Library\include" -O0 -fno-common -g3 -Wall -c -fmessage-length=0 -fno-builtin -ffunction-sections -fdata-sections -mcpu=cortex-m3 -mthumb -specs=redlib.specs -MMD -MP -MF"src/cr_startup_lpc175x_6x.d" -MT"src/cr_startup_lpc175x_6x.o" -MT"src/cr_startup_lpc175x_6x.d" -o "src/cr_startup_lpc175x_6x.o" "../src/cr_startup_lpc175x_6x.c"
Finished building: ../src/cr_startup_lpc175x_6x.c
 
Building file: ../src/crp.c
Invoking: MCU C Compiler
arm-none-eabi-gcc -DDEBUG -D__CODE_RED -DCORE_M3 -DCR_INTEGER_PRINTF -DCR_PRINTF_CHAR -D__LPC17XX__ -D__REDLIB__ -I"C:\Users\Red\Documents\LPCXpresso_8.1.4_606\testSpace\FreeRTOS_Library\portable" -I"C:\Users\Red\Documents\LPCXpresso_8.1.4_606\testSpace\display" -I"C:\Users\Red\Documents\LPCXpresso_8.1.4_606\testSpace\CMSIS_CORE_LPC17xx\inc" -I"C:\Users\Red\Documents\LPCXpresso_8.1.4_606\testSpace\FreeRTOS_Library\include" -O0 -fno-common -g3 -Wall -c -fmessage-length=0 -fno-builtin -ffunction-sections -fdata-sections -mcpu=cortex-m3 -mthumb -specs=redlib.specs -MMD -MP -MF"src/crp.d" -MT"src/crp.o" -MT"src/crp.d" -o "src/crp.o" "../src/crp.c"
Finished building: ../src/crp.c
 
Building file: ../src/display.c
Invoking: MCU C Compiler
arm-none-eabi-gcc -DDEBUG -D__CODE_RED -DCORE_M3 -DCR_INTEGER_PRINTF -DCR_PRINTF_CHAR -D__LPC17XX__ -D__REDLIB__ -I"C:\Users\Red\Documents\LPCXpresso_8.1.4_606\testSpace\FreeRTOS_Library\portable" -I"C:\Users\Red\Documents\LPCXpresso_8.1.4_606\testSpace\display" -I"C:\Users\Red\Documents\LPCXpresso_8.1.4_606\testSpace\CMSIS_CORE_LPC17xx\inc" -I"C:\Users\Red\Documents\LPCXpresso_8.1.4_606\testSpace\FreeRTOS_Library\include" -O0 -fno-common -g3 -Wall -c -fmessage-length=0 -fno-builtin -ffunction-sections -fdata-sections -mcpu=cortex-m3 -mthumb -specs=redlib.specs -MMD -MP -MF"src/display.d" -MT"src/display.o" -MT"src/display.d" -o "src/display.o" "../src/display.c"
In file included from ../src/../../FreeRTOS_Library/include/portable.h:320:0,
                 from ../src/../../FreeRTOS_Library/include/FreeRTOS.h:83,
                 from ../src/display.c:17:
C:\Users\Red\Documents\LPCXpresso_8.1.4_606\testSpace\FreeRTOS_Library\portable/portmacro.h: In function 'ucPortCountLeadingZeros':
C:\Users\Red\Documents\LPCXpresso_8.1.4_606\testSpace\FreeRTOS_Library\portable/portmacro.h:171:58: warning: type of 'ulBitmap' defaults to 'int' [-Wimplicit-int]
  __attribute__( ( always_inline ) ) static unsigned char ucPortCountLeadingZeros( ulBitmap )
                                                          ^
In file included from ../src/display.c:18:0:
../src/display.c: In function 'ledTest':
../src/../../FreeRTOS_Library/include/task.h:294:118: warning: passing argument 1 of 'xTaskGenericCreate' from incompatible pointer type [-Wincompatible-pointer-types]
 #define xTaskCreate( pvTaskCode, pcName, usStackDepth, pvParameters, uxPriority, pxCreatedTask ) xTaskGenericCreate( ( pvTaskCode ), ( pcName ), ( usStackDepth ), ( pvParameters ), ( uxPriority ), ( pxCreatedTask ), ( NULL ), ( NULL ) )
                                                                                                                      ^
../src/display.c:43:2: note: in expansion of macro 'xTaskCreate'
  xTaskCreate(blinkLed, "ledTest", configMINIMAL_STACK_SIZE, NULL, 0 , NULL );
  ^
In file included from ../src/display.c:18:0:
../src/../../FreeRTOS_Library/include/task.h:1310:22: note: expected 'pdTASK_CODE {aka void (*)(void *)}' but argument is of type 'void (*)(void)'
 signed portBASE_TYPE xTaskGenericCreate( pdTASK_CODE pxTaskCode, const signed char * const pcName, unsigned short usStackDepth, void *pvParameters, unsigned portBASE_TYPE uxPriority, xTaskHandle *pxCreatedTask, portSTACK_TYPE *puxStackBuffer, const xMemoryRegion * const xRegions ) PRIVILEGED_FUNCTION;
                      ^
../src/../../FreeRTOS_Library/include/task.h:294:134: warning: pointer targets in passing argument 2 of 'xTaskGenericCreate' differ in signedness [-Wpointer-sign]
 #define xTaskCreate( pvTaskCode, pcName, usStackDepth, pvParameters, uxPriority, pxCreatedTask ) xTaskGenericCreate( ( pvTaskCode ), ( pcName ), ( usStackDepth ), ( pvParameters ), ( uxPriority ), ( pxCreatedTask ), ( NULL ), ( NULL ) )
                                                                                                                                      ^
../src/display.c:43:2: note: in expansion of macro 'xTaskCreate'
  xTaskCreate(blinkLed, "ledTest", configMINIMAL_STACK_SIZE, NULL, 0 , NULL );
  ^
../src/../../FreeRTOS_Library/include/task.h:1310:22: note: expected 'const signed char * const' but argument is of type 'char *'
 signed portBASE_TYPE xTaskGenericCreate( pdTASK_CODE pxTaskCode, const signed char * const pcName, unsigned short usStackDepth, void *pvParameters, unsigned portBASE_TYPE uxPriority, xTaskHandle *pxCreatedTask, portSTACK_TYPE *puxStackBuffer, const xMemoryRegion * const xRegions ) PRIVILEGED_FUNCTION;
                      ^
In file included from ../src/display.c:18:0:
../src/display.c: In function 'kbdTest':
../src/../../FreeRTOS_Library/include/task.h:294:118: warning: passing argument 1 of 'xTaskGenericCreate' from incompatible pointer type [-Wincompatible-pointer-types]
 #define xTaskCreate( pvTaskCode, pcName, usStackDepth, pvParameters, uxPriority, pxCreatedTask ) xTaskGenericCreate( ( pvTaskCode ), ( pcName ), ( usStackDepth ), ( pvParameters ), ( uxPriority ), ( pxCreatedTask ), ( NULL ), ( NULL ) )
                                                                                                                      ^
../src/display.c:80:2: note: in expansion of macro 'xTaskCreate'
  xTaskCreate(setKey, "setKey", configMINIMAL_STACK_SIZE, NULL, 0 , NULL );
  ^
In file included from ../src/display.c:18:0:
../src/../../FreeRTOS_Library/include/task.h:1310:22: note: expected 'pdTASK_CODE {aka void (*)(void *)}' but argument is of type 'void (*)(void)'
 signed portBASE_TYPE xTaskGenericCreate( pdTASK_CODE pxTaskCode, const signed char * const pcName, unsigned short usStackDepth, void *pvParameters, unsigned portBASE_TYPE uxPriority, xTaskHandle *pxCreatedTask, portSTACK_TYPE *puxStackBuffer, const xMemoryRegion * const xRegions ) PRIVILEGED_FUNCTION;
                      ^
../src/../../FreeRTOS_Library/include/task.h:294:134: warning: pointer targets in passing argument 2 of 'xTaskGenericCreate' differ in signedness [-Wpointer-sign]
 #define xTaskCreate( pvTaskCode, pcName, usStackDepth, pvParameters, uxPriority, pxCreatedTask ) xTaskGenericCreate( ( pvTaskCode ), ( pcName ), ( usStackDepth ), ( pvParameters ), ( uxPriority ), ( pxCreatedTask ), ( NULL ), ( NULL ) )
                                                                                                                                      ^
../src/display.c:80:2: note: in expansion of macro 'xTaskCreate'
  xTaskCreate(setKey, "setKey", configMINIMAL_STACK_SIZE, NULL, 0 , NULL );
  ^
../src/../../FreeRTOS_Library/include/task.h:1310:22: note: expected 'const signed char * const' but argument is of type 'char *'
 signed portBASE_TYPE xTaskGenericCreate( pdTASK_CODE pxTaskCode, const signed char * const pcName, unsigned short usStackDepth, void *pvParameters, unsigned portBASE_TYPE uxPriority, xTaskHandle *pxCreatedTask, portSTACK_TYPE *puxStackBuffer, const xMemoryRegion * const xRegions ) PRIVILEGED_FUNCTION;
                      ^
In file included from ../src/display.c:18:0:
../src/../../FreeRTOS_Library/include/task.h:294:118: warning: passing argument 1 of 'xTaskGenericCreate' from incompatible pointer type [-Wincompatible-pointer-types]
 #define xTaskCreate( pvTaskCode, pcName, usStackDepth, pvParameters, uxPriority, pxCreatedTask ) xTaskGenericCreate( ( pvTaskCode ), ( pcName ), ( usStackDepth ), ( pvParameters ), ( uxPriority ), ( pxCreatedTask ), ( NULL ), ( NULL ) )
                                                                                                                      ^
../src/display.c:81:2: note: in expansion of macro 'xTaskCreate'
  xTaskCreate(getKey, "getKey", configMINIMAL_STACK_SIZE, NULL, 0 , NULL );
  ^
In file included from ../src/display.c:18:0:
../src/../../FreeRTOS_Library/include/task.h:1310:22: note: expected 'pdTASK_CODE {aka void (*)(void *)}' but argument is of type 'void (*)(void)'
 signed portBASE_TYPE xTaskGenericCreate( pdTASK_CODE pxTaskCode, const signed char * const pcName, unsigned short usStackDepth, void *pvParameters, unsigned portBASE_TYPE uxPriority, xTaskHandle *pxCreatedTask, portSTACK_TYPE *puxStackBuffer, const xMemoryRegion * const xRegions ) PRIVILEGED_FUNCTION;
                      ^
../src/../../FreeRTOS_Library/include/task.h:294:134: warning: pointer targets in passing argument 2 of 'xTaskGenericCreate' differ in signedness [-Wpointer-sign]
 #define xTaskCreate( pvTaskCode, pcName, usStackDepth, pvParameters, uxPriority, pxCreatedTask ) xTaskGenericCreate( ( pvTaskCode ), ( pcName ), ( usStackDepth ), ( pvParameters ), ( uxPriority ), ( pxCreatedTask ), ( NULL ), ( NULL ) )
                                                                                                                                      ^
../src/display.c:81:2: note: in expansion of macro 'xTaskCreate'
  xTaskCreate(getKey, "getKey", configMINIMAL_STACK_SIZE, NULL, 0 , NULL );
  ^
../src/../../FreeRTOS_Library/include/task.h:1310:22: note: expected 'const signed char * const' but argument is of type 'char *'
 signed portBASE_TYPE xTaskGenericCreate( pdTASK_CODE pxTaskCode, const signed char * const pcName, unsigned short usStackDepth, void *pvParameters, unsigned portBASE_TYPE uxPriority, xTaskHandle *pxCreatedTask, portSTACK_TYPE *puxStackBuffer, const xMemoryRegion * const xRegions ) PRIVILEGED_FUNCTION;
                      ^
In file included from ../src/../../FreeRTOS_Library/include/portable.h:320:0,
                 from ../src/../../FreeRTOS_Library/include/FreeRTOS.h:83,
                 from ../src/display.c:17:
../src/display.c: At top level:
C:\Users\Red\Documents\LPCXpresso_8.1.4_606\testSpace\FreeRTOS_Library\portable/portmacro.h:171:58: warning: 'ucPortCountLeadingZeros' defined but not used [-Wunused-function]
  __attribute__( ( always_inline ) ) static unsigned char ucPortCountLeadingZeros( ulBitmap )
                                                          ^
C:\Users\Red\Documents\LPCXpresso_8.1.4_606\testSpace\FreeRTOS_Library\portable/portmacro.h:171:58: warning: always_inline function might not be inlinable [-Wattributes]
Finished building: ../src/display.c
 
Building target: display.axf
Invoking: MCU Linker
arm-none-eabi-gcc -nostdlib -L"C:\Users\Red\Documents\LPCXpresso_8.1.4_606\testSpace\CMSIS_CORE_LPC17xx\Debug" -L"C:\Users\Red\Documents\LPCXpresso_8.1.4_606\testSpace\FreeRTOS_Library\Debug" -Xlinker -Map="display.map" -Xlinker --gc-sections -Xlinker -print-memory-usage -mcpu=cortex-m3 -mthumb -T "display_Debug.ld" -o "display.axf"  ./src/GPIO.o ./src/KBD.o ./src/cr_startup_lpc175x_6x.o ./src/crp.o ./src/display.o   -lCMSIS_CORE_LPC17xx -lFreeRTOS_Library
Memory region         Used Size  Region Size  %age Used
       MFlash512:        9612 B       512 KB      1.83%
./src/display.o:(.bss.keysMutex+0x0): multiple definition of `keysMutex'
./src/KBD.o:(.bss.keysMutex+0x0): first defined here
./src/display.o:(.bss.queue+0x0): multiple definition of `queue'
./src/KBD.o:(.bss.queue+0x0): first defined here
        RamLoc32:        2752 B        32 KB      8.40%
C:\Users\Red\Documents\LPCXpresso_8.1.4_606\testSpace\FreeRTOS_Library\Debug\libFreeRTOS_Library.a(port.o): In function `xPortStartScheduler':
        RamAHB32:          0 GB        32 KB      0.00%
C:\Users\Red\Documents\LPCXpresso_8.1.4_606\testSpace\FreeRTOS_Library\Debug/../portable/port.c:203: undefined reference to `SystemCoreClock'
collect2.exe: error: ld returned 1 exit status
make: *** [display.axf] Error 1

17:33:56 Build Finished (took 822ms)

