22:25:15 **** Incremental Build of configuration Debug for project FreeRTOS-template ****
make -r all 
Building file: ../test/tests.c
Invoking: MCU C Compiler
arm-none-eabi-gcc -DDEBUG -D__USE_CMSIS=CMSISv1p30_LPC17xx -D__CODE_RED -D__REDLIB__ -I"C:\Users\Red\Documents\LPCXpresso_8.1.4_606\testSpace\FreeRTOS-template" -I"C:\Users\Red\Documents\LPCXpresso_8.1.4_606\testSpace\CMSIS_CORE_LPC17xx\inc" -I"C:\Users\Red\Documents\LPCXpresso_8.1.4_606\testSpace\FreeRTOS_Library\include" -I"C:\Users\Red\Documents\LPCXpresso_8.1.4_606\testSpace\FreeRTOS_Library\portable" -O0 -g3 -fsigned-char -c -fmessage-length=0 -fno-builtin -ffunction-sections -mcpu=cortex-m3 -mthumb -D__REDLIB__ -specs=redlib.specs -MMD -MP -MF"test/tests.d" -MT"test/tests.o" -MT"test/tests.d" -o "test/tests.o" "../test/tests.c"
In file included from ../test/../../FreeRTOS_Library/include/portable.h:320:0,
                 from ../test/../../FreeRTOS_Library/include/FreeRTOS.h:83,
                 from ../test/tests.c:8:
C:\Users\Red\Documents\LPCXpresso_8.1.4_606\testSpace\FreeRTOS_Library\portable/portmacro.h: In function 'ucPortCountLeadingZeros':
C:\Users\Red\Documents\LPCXpresso_8.1.4_606\testSpace\FreeRTOS_Library\portable/portmacro.h:171:58: warning: type of 'ulBitmap' defaults to 'int' [-Wimplicit-int]
  __attribute__( ( always_inline ) ) static unsigned char ucPortCountLeadingZeros( ulBitmap )
                                                          ^
In file included from ../test/tests.c:9:0:
../test/tests.c: In function 'RTCTest':
../test/../../FreeRTOS_Library/include/task.h:294:118: warning: passing argument 1 of 'xTaskGenericCreate' from incompatible pointer type [-Wincompatible-pointer-types]
 #define xTaskCreate( pvTaskCode, pcName, usStackDepth, pvParameters, uxPriority, pxCreatedTask ) xTaskGenericCreate( ( pvTaskCode ), ( pcName ), ( usStackDepth ), ( pvParameters ), ( uxPriority ), ( pxCreatedTask ), ( NULL ), ( NULL ) )
                                                                                                                      ^
../test/tests.c:78:2: note: in expansion of macro 'xTaskCreate'
  xTaskCreate(GetDatetimeTask, "RTC_GetDateTime", configMINIMAL_STACK_SIZE, NULL, 0 , NULL);
  ^
In file included from ../test/tests.c:9:0:
../test/../../FreeRTOS_Library/include/task.h:1310:22: note: expected 'pdTASK_CODE {aka void (*)(void *)}' but argument is of type 'void (*)(void)'
 signed portBASE_TYPE xTaskGenericCreate( pdTASK_CODE pxTaskCode, const signed char * const pcName, unsigned short usStackDepth, void *pvParameters, unsigned portBASE_TYPE uxPriority, xTaskHandle *pxCreatedTask, portSTACK_TYPE *puxStackBuffer, const xMemoryRegion * const xRegions ) PRIVILEGED_FUNCTION;
                      ^
In file included from ../test/tests.c:9:0:
../test/tests.c: In function 'ledTest':
../test/../../FreeRTOS_Library/include/task.h:294:118: warning: passing argument 1 of 'xTaskGenericCreate' from incompatible pointer type [-Wincompatible-pointer-types]
 #define xTaskCreate( pvTaskCode, pcName, usStackDepth, pvParameters, uxPriority, pxCreatedTask ) xTaskGenericCreate( ( pvTaskCode ), ( pcName ), ( usStackDepth ), ( pvParameters ), ( uxPriority ), ( pxCreatedTask ), ( NULL ), ( NULL ) )
                                                                                                                      ^
../test/tests.c:138:2: note: in expansion of macro 'xTaskCreate'
  xTaskCreate(blinkLedLib, "ledTest", configMINIMAL_STACK_SIZE, NULL, 0 , NULL );
  ^
In file included from ../test/tests.c:9:0:
../test/../../FreeRTOS_Library/include/task.h:1310:22: note: expected 'pdTASK_CODE {aka void (*)(void *)}' but argument is of type 'void (*)(void)'
 signed portBASE_TYPE xTaskGenericCreate( pdTASK_CODE pxTaskCode, const signed char * const pcName, unsigned short usStackDepth, void *pvParameters, unsigned portBASE_TYPE uxPriority, xTaskHandle *pxCreatedTask, portSTACK_TYPE *puxStackBuffer, const xMemoryRegion * const xRegions ) PRIVILEGED_FUNCTION;
                      ^
In file included from ../test/tests.c:9:0:
../test/tests.c: In function 'kbdTest':
../test/../../FreeRTOS_Library/include/task.h:294:118: warning: passing argument 1 of 'xTaskGenericCreate' from incompatible pointer type [-Wincompatible-pointer-types]
 #define xTaskCreate( pvTaskCode, pcName, usStackDepth, pvParameters, uxPriority, pxCreatedTask ) xTaskGenericCreate( ( pvTaskCode ), ( pcName ), ( usStackDepth ), ( pvParameters ), ( uxPriority ), ( pxCreatedTask ), ( NULL ), ( NULL ) )
                                                                                                                      ^
../test/tests.c:252:2: note: in expansion of macro 'xTaskCreate'
  xTaskCreate(setKey1, "setKey", configMINIMAL_STACK_SIZE, NULL, 0 , NULL );
  ^
In file included from ../test/tests.c:9:0:
../test/../../FreeRTOS_Library/include/task.h:1310:22: note: expected 'pdTASK_CODE {aka void (*)(void *)}' but argument is of type 'void (*)(void)'
 signed portBASE_TYPE xTaskGenericCreate( pdTASK_CODE pxTaskCode, const signed char * const pcName, unsigned short usStackDepth, void *pvParameters, unsigned portBASE_TYPE uxPriority, xTaskHandle *pxCreatedTask, portSTACK_TYPE *puxStackBuffer, const xMemoryRegion * const xRegions ) PRIVILEGED_FUNCTION;
                      ^
In file included from ../test/tests.c:9:0:
../test/../../FreeRTOS_Library/include/task.h:294:118: warning: passing argument 1 of 'xTaskGenericCreate' from incompatible pointer type [-Wincompatible-pointer-types]
 #define xTaskCreate( pvTaskCode, pcName, usStackDepth, pvParameters, uxPriority, pxCreatedTask ) xTaskGenericCreate( ( pvTaskCode ), ( pcName ), ( usStackDepth ), ( pvParameters ), ( uxPriority ), ( pxCreatedTask ), ( NULL ), ( NULL ) )
                                                                                                                      ^
../test/tests.c:253:2: note: in expansion of macro 'xTaskCreate'
  xTaskCreate(getKey1LCD, "getKey", configMINIMAL_STACK_SIZE, NULL, 0 , NULL );
  ^
In file included from ../test/tests.c:9:0:
../test/../../FreeRTOS_Library/include/task.h:1310:22: note: expected 'pdTASK_CODE {aka void (*)(void *)}' but argument is of type 'void (*)(void)'
 signed portBASE_TYPE xTaskGenericCreate( pdTASK_CODE pxTaskCode, const signed char * const pcName, unsigned short usStackDepth, void *pvParameters, unsigned portBASE_TYPE uxPriority, xTaskHandle *pxCreatedTask, portSTACK_TYPE *puxStackBuffer, const xMemoryRegion * const xRegions ) PRIVILEGED_FUNCTION;
                      ^
In file included from ../test/../../FreeRTOS_Library/include/portable.h:320:0,
                 from ../test/../../FreeRTOS_Library/include/FreeRTOS.h:83,
                 from ../test/tests.c:8:
At top level:
C:\Users\Red\Documents\LPCXpresso_8.1.4_606\testSpace\FreeRTOS_Library\portable/portmacro.h:171:58: warning: always_inline function might not be inlinable [-Wattributes]
  __attribute__( ( always_inline ) ) static unsigned char ucPortCountLeadingZeros( ulBitmap )
                                                          ^
Finished building: ../test/tests.c
 
Building file: ../Project/Environment_Tasks.c
Invoking: MCU C Compiler
arm-none-eabi-gcc -DDEBUG -D__USE_CMSIS=CMSISv1p30_LPC17xx -D__CODE_RED -D__REDLIB__ -I"C:\Users\Red\Documents\LPCXpresso_8.1.4_606\testSpace\FreeRTOS-template" -I"C:\Users\Red\Documents\LPCXpresso_8.1.4_606\testSpace\CMSIS_CORE_LPC17xx\inc" -I"C:\Users\Red\Documents\LPCXpresso_8.1.4_606\testSpace\FreeRTOS_Library\include" -I"C:\Users\Red\Documents\LPCXpresso_8.1.4_606\testSpace\FreeRTOS_Library\portable" -O0 -g3 -fsigned-char -c -fmessage-length=0 -fno-builtin -ffunction-sections -mcpu=cortex-m3 -mthumb -D__REDLIB__ -specs=redlib.specs -MMD -MP -MF"Project/Environment_Tasks.d" -MT"Project/Environment_Tasks.o" -MT"Project/Environment_Tasks.d" -o "Project/Environment_Tasks.o" "../Project/Environment_Tasks.c"
In file included from C:\Users\Red\Documents\LPCXpresso_8.1.4_606\testSpace\FreeRTOS_Library\include/portable.h:320:0,
                 from C:\Users\Red\Documents\LPCXpresso_8.1.4_606\testSpace\FreeRTOS_Library\include/FreeRTOS.h:83,
                 from ../Project/../Modules/KBD.h:19,
                 from ../Project/Utils.h:16,
                 from ../Project/Environment_Tasks.h:11,
                 from ../Project/Environment_Tasks.c:8:
C:\Users\Red\Documents\LPCXpresso_8.1.4_606\testSpace\FreeRTOS_Library\portable/portmacro.h: In function 'ucPortCountLeadingZeros':
C:\Users\Red\Documents\LPCXpresso_8.1.4_606\testSpace\FreeRTOS_Library\portable/portmacro.h:171:58: warning: type of 'ulBitmap' defaults to 'int' [-Wimplicit-int]
  __attribute__( ( always_inline ) ) static unsigned char ucPortCountLeadingZeros( ulBitmap )
                                                          ^
In file included from ../Project/Environment_Tasks.c:8:0:
../Project/Environment_Tasks.h: At top level:
../Project/Environment_Tasks.h:58:6: error: 'LED_OpenDoor' redeclared as different kind of symbol
 void LED_OpenDoor();
      ^
../Project/Environment_Tasks.h:28:13: note: previous declaration of 'LED_OpenDoor' was here
 xTaskHandle LED_OpenDoor;
             ^
../Project/Environment_Tasks.c: In function 'mainTaskFunc':
../Project/Environment_Tasks.c:20:5: warning: implicit declaration of function 'xTaskNotifyGive' [-Wimplicit-function-declaration]
     xTaskNotifyGive(UserModeTask);
     ^
../Project/Environment_Tasks.c:23:4: warning: implicit declaration of function 'ulTaskNotifyTake' [-Wimplicit-function-declaration]
    ulTaskNotifyTake(pdTRUE,portMAX_DELAY);
    ^
In file included from C:\Users\Red\Documents\LPCXpresso_8.1.4_606\testSpace\FreeRTOS_Library\include/portable.h:320:0,
                 from C:\Users\Red\Documents\LPCXpresso_8.1.4_606\testSpace\FreeRTOS_Library\include/FreeRTOS.h:83,
                 from ../Project/../Modules/KBD.h:19,
                 from ../Project/Utils.h:16,
                 from ../Project/Environment_Tasks.h:11,
                 from ../Project/Environment_Tasks.c:8:
At top level:
C:\Users\Red\Documents\LPCXpresso_8.1.4_606\testSpace\FreeRTOS_Library\portable/portmacro.h:171:58: warning: always_inline function might not be inlinable [-Wattributes]
  __attribute__( ( always_inline ) ) static unsigned char ucPortCountLeadingZeros( ulBitmap )
                                                          ^
make: *** [Project/Environment_Tasks.o] Error 1

22:25:15 Build Finished (took 328ms)

